<?xml version="1.0" encoding="UTF-8"?>
<!-- Generated by org.testng.reporters.JUnitReportReporter -->
<testsuite hostname="Amitts-MacBook-Pro.local" failures="0" tests="1" name="productApis.ListProductApiTest" time="0.000" errors="0" timestamp="2025-09-02T17:33:33 IST" skipped="0">
  <testcase classname="productApis.ListProductApiTest" name="getAllProductTest" time="0.000"/>
  <system-out>
    <![CDATA[****************************************************
Test Suite Initialized
Environment picked from POM/profile: prod
Base URL: https://custom-juice-shop.onrender.com
Auth Token: your_prod_token
Connect Timeout: 5000
Read Timeout: 10000
****************************************************
****** Tests on Prod may take time , machines takes time to start if went to sleep ******
****************************************************
>>>>>  Test Running: loginTest
>>>>>  Test Running: getAllProductTest]]>
  </system-out>
</testsuite> <!-- productApis.ListProductApiTest -->
